0 info it worked if it ends with ok
1 verbose cli [ 'node', '/usr/local/bin/npm', 'install', 'oauth-ng' ]
2 info using npm@1.4.28
3 info using node@v0.10.34
4 warn package.json bettor@0.0.1 No repository field.
5 warn package.json bettor@0.0.1 No README data
6 verbose readDependencies using package.json deps
7 verbose cache add [ 'oauth-ng', null ]
8 verbose cache add name=undefined spec="oauth-ng" args=["oauth-ng",null]
9 verbose parsed url { protocol: null,
9 verbose parsed url   slashes: null,
9 verbose parsed url   auth: null,
9 verbose parsed url   host: null,
9 verbose parsed url   port: null,
9 verbose parsed url   hostname: null,
9 verbose parsed url   hash: null,
9 verbose parsed url   search: null,
9 verbose parsed url   query: null,
9 verbose parsed url   pathname: 'oauth-ng',
9 verbose parsed url   path: 'oauth-ng',
9 verbose parsed url   href: 'oauth-ng' }
10 silly lockFile dc74bd69-oauth-ng oauth-ng
11 verbose lock oauth-ng /Users/arjun/.npm/dc74bd69-oauth-ng.lock
12 silly lockFile dc74bd69-oauth-ng oauth-ng
13 silly lockFile dc74bd69-oauth-ng oauth-ng
14 verbose addNamed [ 'oauth-ng', '' ]
15 verbose addNamed [ null, '*' ]
16 silly lockFile 812ad75a-oauth-ng oauth-ng@
17 verbose lock oauth-ng@ /Users/arjun/.npm/812ad75a-oauth-ng.lock
18 silly addNameRange { name: 'oauth-ng', range: '*', hasData: false }
19 verbose request where is /oauth-ng
20 verbose request registry https://registry.npmjs.org/
21 verbose request id 04e8c0f97966f5d0
22 verbose url raw /oauth-ng
23 verbose url resolving [ 'https://registry.npmjs.org/', './oauth-ng' ]
24 verbose url resolved https://registry.npmjs.org/oauth-ng
25 verbose request where is https://registry.npmjs.org/oauth-ng
26 info trying registry request attempt 1 at 05:10:54
27 http GET https://registry.npmjs.org/oauth-ng
28 http 404 https://registry.npmjs.org/oauth-ng
29 verbose headers { date: 'Sat, 07 Feb 2015 10:10:54 GMT',
29 verbose headers   server: 'CouchDB/1.5.0 (Erlang OTP/R16B03)',
29 verbose headers   'content-type': 'application/json',
29 verbose headers   'cache-control': 'max-age=0',
29 verbose headers   'content-length': '52',
29 verbose headers   'accept-ranges': 'bytes',
29 verbose headers   via: '1.1 varnish',
29 verbose headers   age: '0',
29 verbose headers   'x-served-by': 'cache-jfk1024-JFK',
29 verbose headers   'x-cache': 'MISS',
29 verbose headers   'x-cache-hits': '0',
29 verbose headers   'x-timer': 'S1423303854.667137,VS0,VE86',
29 verbose headers   'keep-alive': 'timeout=10, max=50',
29 verbose headers   connection: 'Keep-Alive' }
30 silly registry.get cb [ 404,
30 silly registry.get   { date: 'Sat, 07 Feb 2015 10:10:54 GMT',
30 silly registry.get     server: 'CouchDB/1.5.0 (Erlang OTP/R16B03)',
30 silly registry.get     'content-type': 'application/json',
30 silly registry.get     'cache-control': 'max-age=0',
30 silly registry.get     'content-length': '52',
30 silly registry.get     'accept-ranges': 'bytes',
30 silly registry.get     via: '1.1 varnish',
30 silly registry.get     age: '0',
30 silly registry.get     'x-served-by': 'cache-jfk1024-JFK',
30 silly registry.get     'x-cache': 'MISS',
30 silly registry.get     'x-cache-hits': '0',
30 silly registry.get     'x-timer': 'S1423303854.667137,VS0,VE86',
30 silly registry.get     'keep-alive': 'timeout=10, max=50',
30 silly registry.get     connection: 'Keep-Alive' } ]
31 silly lockFile 812ad75a-oauth-ng oauth-ng@
32 silly lockFile 812ad75a-oauth-ng oauth-ng@
33 error 404 404 Not Found: oauth-ng
33 error 404
33 error 404 'oauth-ng' is not in the npm registry.
33 error 404 You should bug the author to publish it
33 error 404 It was specified as a dependency of 'bettor'
33 error 404
33 error 404 Note that you can also install from a
33 error 404 tarball, folder, or http url, or git url.
34 error System Darwin 14.0.0
35 error command "node" "/usr/local/bin/npm" "install" "oauth-ng"
36 error cwd /Users/arjun/bettor
37 error node -v v0.10.34
38 error npm -v 1.4.28
39 error code E404
40 verbose exit [ 1, true ]
